<?xml version="1.0" encoding="UTF-8"?>
<!-- Generated by org.testng.reporters.JUnitXMLReporter -->
<testsuite hostname="Muthukumar" ignored="0" name="Command line test" tests="2" failures="0" timestamp="31 Mar 2020 02:25:43 GMT" time="0.062" errors="0">
  <testcase name="testApp on testApp(MissionBDD.BDD.AppTest)" time="0.0" classname="MissionBDD.BDD.AppTest"/>
  <testcase name="testApp on testApp(Muthu.Framework.AppTest)" time="0.0" classname="Muthu.Framework.AppTest"/>
</testsuite> <!-- Command line test -->
