<?xml version="1.0" encoding="UTF-8"?>
<testng-results skipped="0" failed="0" ignored="0" total="2" passed="2">
  <reporter-output>
  </reporter-output>
  <suite name="Command line suite" duration-ms="62" started-at="2020-03-31T02:25:43Z" finished-at="2020-03-31T02:25:43Z">
    <groups>
    </groups>
    <test name="Command line test" duration-ms="62" started-at="2020-03-31T02:25:43Z" finished-at="2020-03-31T02:25:43Z">
      <class name="MissionBDD.BDD.AppTest">
        <test-method status="PASS" signature="testApp()" name="testApp" duration-ms="0" started-at="2020-03-31T07:55:43Z" finished-at="2020-03-31T07:55:43Z">
          <reporter-output>
          </reporter-output>
        </test-method> <!-- testApp -->
      </class> <!-- MissionBDD.BDD.AppTest -->
      <class name="Muthu.Framework.AppTest">
        <test-method status="PASS" signature="testApp()" name="testApp" duration-ms="0" started-at="2020-03-31T07:55:43Z" finished-at="2020-03-31T07:55:43Z">
          <reporter-output>
          </reporter-output>
        </test-method> <!-- testApp -->
      </class> <!-- Muthu.Framework.AppTest -->
    </test> <!-- Command line test -->
  </suite> <!-- Command line suite -->
</testng-results>
